<?xml version="1.0" encoding="UTF-8"?>
<testng-results ignored="0" total="1" passed="1" failed="0" skipped="0">
  <reporter-output>
  </reporter-output>
  <suite started-at="2022-07-16T12:08:48 EDT" name="Default suite" finished-at="2022-07-16T12:08:51 EDT" duration-ms="3320">
    <groups>
    </groups>
    <test started-at="2022-07-16T12:08:48 EDT" name="Default test" finished-at="2022-07-16T12:08:51 EDT" duration-ms="3320">
      <class name="test.AddCustomerTest">
        <test-method signature="userShouldBeAbleToCreateCustomer()[pri:0, instance:test.AddCustomerTest@7690781]" started-at="2022-07-16T12:08:48 EDT" name="userShouldBeAbleToCreateCustomer" finished-at="2022-07-16T12:08:51 EDT" duration-ms="3294" status="PASS">
          <reporter-output>
          </reporter-output>
        </test-method> <!-- userShouldBeAbleToCreateCustomer -->
      </class> <!-- test.AddCustomerTest -->
    </test> <!-- Default test -->
  </suite> <!-- Default suite -->
</testng-results>
